app/build/intermediates/manifest_merge_blame_file/release/manifest-merger-blame-release-report.txt
1<?xml version="1.0" encoding="utf-8"?>
2<manifest xmlns:android="http://schemas.android.com/apk/res/android"
3    package="com.pleiades.pleione.kittencare"
4    android:versionCode="35"
5    android:versionName="2.1.0" >
6
7    <uses-sdk
8        android:minSdkVersion="23"
8-->src\main\AndroidManifest.xml
9        android:targetSdkVersion="32" />
9-->src\main\AndroidManifest.xml
10
11    <uses-permission android:name="android.permission.SYSTEM_ALERT_WINDOW" />
11-->src\main\AndroidManifest.xml:6:5-78
11-->src\main\AndroidManifest.xml:6:22-75
12    <uses-permission android:name="android.permission.ACCESS_NETWORK_STATE" />
12-->src\main\AndroidManifest.xml:7:5-79
12-->src\main\AndroidManifest.xml:7:22-76
13    <uses-permission android:name="android.permission.FOREGROUND_SERVICE" />
13-->src\main\AndroidManifest.xml:8:5-77
13-->src\main\AndroidManifest.xml:8:22-74
14    <uses-permission android:name="android.permission.INTERNET" />
14-->src\main\AndroidManifest.xml:9:5-67
14-->src\main\AndroidManifest.xml:9:22-64
15    <uses-permission android:name="com.android.vending.BILLING" />
15-->src\main\AndroidManifest.xml:10:5-67
15-->src\main\AndroidManifest.xml:10:22-64
16    <uses-permission android:name="com.google.android.gms.permission.AD_ID" /> <!-- Android package visibility setting -->
16-->[com.google.android.gms:play-services-ads-lite:21.1.0] AndroidManifest.xml:25:5-79
16-->[com.google.android.gms:play-services-ads-lite:21.1.0] AndroidManifest.xml:25:22-76
17    <queries>
17-->[com.google.android.gms:play-services-ads-lite:21.1.0] AndroidManifest.xml:28:5-44:15
18
19        <!-- For browser content -->
20        <intent>
20-->[com.google.android.gms:play-services-ads-lite:21.1.0] AndroidManifest.xml:31:9-37:18
21            <action android:name="android.intent.action.VIEW" />
21-->src\main\AndroidManifest.xml:51:17-69
21-->src\main\AndroidManifest.xml:51:25-66
22
23            <category android:name="android.intent.category.BROWSABLE" />
23-->[com.google.android.gms:play-services-ads-lite:21.1.0] AndroidManifest.xml:34:13-74
23-->[com.google.android.gms:play-services-ads-lite:21.1.0] AndroidManifest.xml:34:23-71
24
25            <data android:scheme="https" />
25-->[com.google.android.gms:play-services-ads-lite:21.1.0] AndroidManifest.xml:36:13-44
25-->[com.google.android.gms:play-services-ads-lite:21.1.0] AndroidManifest.xml:36:19-41
26        </intent>
27        <!-- End of browser content -->
28        <!-- For CustomTabsService -->
29        <intent>
29-->[com.google.android.gms:play-services-ads-lite:21.1.0] AndroidManifest.xml:40:9-42:18
30            <action android:name="android.support.customtabs.action.CustomTabsService" />
30-->[com.google.android.gms:play-services-ads-lite:21.1.0] AndroidManifest.xml:41:13-90
30-->[com.google.android.gms:play-services-ads-lite:21.1.0] AndroidManifest.xml:41:21-87
31        </intent>
32        <!-- End of CustomTabsService -->
33    </queries>
34
35    <uses-permission android:name="android.permission.WAKE_LOCK" />
35-->[com.google.android.gms:play-services-measurement-sdk-api:20.1.2] AndroidManifest.xml:25:5-68
35-->[com.google.android.gms:play-services-measurement-sdk-api:20.1.2] AndroidManifest.xml:25:22-65
36    <uses-permission android:name="android.permission.RECEIVE_BOOT_COMPLETED" />
36-->[androidx.work:work-runtime:2.7.0] AndroidManifest.xml:27:5-81
36-->[androidx.work:work-runtime:2.7.0] AndroidManifest.xml:27:22-78
37
38    <application
38-->src\main\AndroidManifest.xml:12:5-117:19
39        android:allowBackup="true"
39-->src\main\AndroidManifest.xml:13:9-35
40        android:appComponentFactory="androidx.core.app.CoreComponentFactory"
40-->[androidx.core:core:1.8.0] AndroidManifest.xml:24:18-86
41        android:backupAgent="com.pleiades.pleione.kittencare.BackupAgent"
41-->src\main\AndroidManifest.xml:14:9-43
42        android:extractNativeLibs="false"
43        android:fullBackupContent="true"
43-->src\main\AndroidManifest.xml:15:9-41
44        android:icon="@mipmap/ic_launcher"
44-->src\main\AndroidManifest.xml:16:9-43
45        android:label="@string/kitten_care"
45-->src\main\AndroidManifest.xml:17:9-44
46        android:largeHeap="true"
46-->src\main\AndroidManifest.xml:18:9-33
47        android:roundIcon="@mipmap/ic_launcher_round"
47-->src\main\AndroidManifest.xml:19:9-54
48        android:supportsRtl="true"
48-->src\main\AndroidManifest.xml:20:9-35
49        android:theme="@style/AppTheme" >
49-->src\main\AndroidManifest.xml:21:9-40
50        <meta-data
50-->src\main\AndroidManifest.xml:23:9-25:54
51            android:name="com.google.android.backup.api_key"
51-->src\main\AndroidManifest.xml:24:13-61
52            android:value="@string/backup_api_key" />
52-->src\main\AndroidManifest.xml:25:13-51
53        <meta-data
53-->src\main\AndroidManifest.xml:27:9-29:57
54            android:name="com.google.android.gms.ads.APPLICATION_ID"
54-->src\main\AndroidManifest.xml:28:13-69
55            android:value="@string/ad_application_id" />
55-->src\main\AndroidManifest.xml:29:13-54
56
57        <activity
57-->src\main\AndroidManifest.xml:31:9-33:71
58            android:name="com.pleiades.pleione.kittencare.ui.activity.EscapeActivity"
58-->src\main\AndroidManifest.xml:32:13-55
59            android:theme="@style/AppTheme.DialogTheme.Transparent" />
59-->src\main\AndroidManifest.xml:33:13-68
60        <activity
60-->src\main\AndroidManifest.xml:35:9-43:20
61            android:name="com.pleiades.pleione.kittencare.ui.activity.SplashActivity"
61-->src\main\AndroidManifest.xml:36:13-55
62            android:exported="true"
62-->src\main\AndroidManifest.xml:37:13-36
63            android:theme="@style/AppTheme.SplashTheme" >
63-->src\main\AndroidManifest.xml:38:13-56
64            <intent-filter>
64-->src\main\AndroidManifest.xml:39:13-42:29
65                <action android:name="android.intent.action.MAIN" />
65-->src\main\AndroidManifest.xml:40:17-69
65-->src\main\AndroidManifest.xml:40:25-66
66
67                <category android:name="android.intent.category.LAUNCHER" />
67-->src\main\AndroidManifest.xml:41:17-77
67-->src\main\AndroidManifest.xml:41:27-74
68            </intent-filter>
69        </activity>
70        <activity
70-->src\main\AndroidManifest.xml:44:9-53:20
71            android:name="com.pleiades.pleione.kittencare.ui.activity.MainActivity"
71-->src\main\AndroidManifest.xml:45:13-53
72            android:exported="true"
72-->src\main\AndroidManifest.xml:46:13-36
73            android:label="@string/kitten_care"
73-->src\main\AndroidManifest.xml:47:13-48
74            android:screenOrientation="portrait" >
74-->src\main\AndroidManifest.xml:48:13-49
75            <intent-filter>
75-->src\main\AndroidManifest.xml:50:13-52:29
76                <action android:name="android.intent.action.VIEW" />
76-->src\main\AndroidManifest.xml:51:17-69
76-->src\main\AndroidManifest.xml:51:25-66
77            </intent-filter>
78        </activity>
79        <activity
79-->src\main\AndroidManifest.xml:54:9-58:56
80            android:name="com.pleiades.pleione.kittencare.ui.activity.HistoryActivity"
80-->src\main\AndroidManifest.xml:55:13-56
81            android:label="@string/label_history"
81-->src\main\AndroidManifest.xml:56:13-50
82            android:screenOrientation="portrait" />
82-->src\main\AndroidManifest.xml:57:13-49
83        <activity
83-->src\main\AndroidManifest.xml:59:9-63:56
84            android:name="com.pleiades.pleione.kittencare.ui.activity.AdvertisementActivity"
84-->src\main\AndroidManifest.xml:60:13-62
85            android:label="@string/label_random_box"
85-->src\main\AndroidManifest.xml:61:13-53
86            android:screenOrientation="portrait" />
86-->src\main\AndroidManifest.xml:62:13-49
87        <activity
87-->src\main\AndroidManifest.xml:64:9-68:56
88            android:name="com.pleiades.pleione.kittencare.ui.activity.charm.AlchemyActivity"
88-->src\main\AndroidManifest.xml:65:13-62
89            android:label="@string/label_alchemy"
89-->src\main\AndroidManifest.xml:66:13-50
90            android:screenOrientation="portrait" />
90-->src\main\AndroidManifest.xml:67:13-49
91        <activity
91-->src\main\AndroidManifest.xml:69:9-73:56
92            android:name="com.pleiades.pleione.kittencare.ui.activity.charm.DivinationActivity"
92-->src\main\AndroidManifest.xml:70:13-65
93            android:label="@string/label_divination"
93-->src\main\AndroidManifest.xml:71:13-53
94            android:screenOrientation="portrait" />
94-->src\main\AndroidManifest.xml:72:13-49
95        <activity
95-->src\main\AndroidManifest.xml:74:9-78:56
96            android:name="com.pleiades.pleione.kittencare.ui.activity.settings.TutorialActivity"
96-->src\main\AndroidManifest.xml:75:13-66
97            android:label="@string/label_tutorial"
97-->src\main\AndroidManifest.xml:76:13-51
98            android:screenOrientation="portrait" />
98-->src\main\AndroidManifest.xml:77:13-49
99        <activity
99-->src\main\AndroidManifest.xml:79:9-83:56
100            android:name="com.pleiades.pleione.kittencare.ui.activity.settings.HappinessTutorialActivity"
100-->src\main\AndroidManifest.xml:80:13-75
101            android:label="@string/label_happiness"
101-->src\main\AndroidManifest.xml:81:13-52
102            android:screenOrientation="portrait" />
102-->src\main\AndroidManifest.xml:82:13-49
103        <activity
103-->src\main\AndroidManifest.xml:84:9-88:56
104            android:name="com.pleiades.pleione.kittencare.ui.activity.settings.ApplicationActivity"
104-->src\main\AndroidManifest.xml:85:13-69
105            android:label="@string/label_application"
105-->src\main\AndroidManifest.xml:86:13-54
106            android:screenOrientation="portrait" />
106-->src\main\AndroidManifest.xml:87:13-49
107        <activity
107-->src\main\AndroidManifest.xml:89:9-93:56
108            android:name="com.pleiades.pleione.kittencare.ui.activity.settings.DetailActivity"
108-->src\main\AndroidManifest.xml:90:13-64
109            android:label="@string/label_detail"
109-->src\main\AndroidManifest.xml:91:13-49
110            android:screenOrientation="portrait" />
110-->src\main\AndroidManifest.xml:92:13-49
111
112        <!-- game activity -->
113        <activity
113-->src\main\AndroidManifest.xml:96:9-100:56
114            android:name="com.pleiades.pleione.kittencare.ui.activity.game.PajamasActivity"
114-->src\main\AndroidManifest.xml:97:13-61
115            android:label="@string/game_title_pajamas"
115-->src\main\AndroidManifest.xml:98:13-55
116            android:screenOrientation="portrait" />
116-->src\main\AndroidManifest.xml:99:13-49
117        <activity
117-->src\main\AndroidManifest.xml:101:9-105:56
118            android:name="com.pleiades.pleione.kittencare.ui.activity.game.PleiadesActivity"
118-->src\main\AndroidManifest.xml:102:13-62
119            android:label="@string/game_title_pleiades"
119-->src\main\AndroidManifest.xml:103:13-56
120            android:screenOrientation="portrait" />
120-->src\main\AndroidManifest.xml:104:13-49
121        <activity
121-->src\main\AndroidManifest.xml:106:9-110:56
122            android:name="com.pleiades.pleione.kittencare.ui.activity.game.DinosaurActivity"
122-->src\main\AndroidManifest.xml:107:13-62
123            android:label="@string/game_title_dinosaur"
123-->src\main\AndroidManifest.xml:108:13-56
124            android:screenOrientation="portrait" />
124-->src\main\AndroidManifest.xml:109:13-49
125
126        <service
126-->src\main\AndroidManifest.xml:112:9-116:75
127            android:name="com.pleiades.pleione.kittencare.KittenService"
127-->src\main\AndroidManifest.xml:113:13-42
128            android:configChanges="orientation"
128-->src\main\AndroidManifest.xml:114:13-48
129            android:enabled="true"
129-->src\main\AndroidManifest.xml:115:13-35
130            android:permission="android.permission.SYSTEM_ALERT_WINDOW" />
130-->src\main\AndroidManifest.xml:116:13-72
131
132        <meta-data
132-->[com.android.billingclient:billing:5.0.0] AndroidManifest.xml:13:9-15:37
133            android:name="com.google.android.play.billingclient.version"
133-->[com.android.billingclient:billing:5.0.0] AndroidManifest.xml:14:13-73
134            android:value="5.0.0" />
134-->[com.android.billingclient:billing:5.0.0] AndroidManifest.xml:15:13-34
135
136        <activity
136-->[com.android.billingclient:billing:5.0.0] AndroidManifest.xml:17:9-21:75
137            android:name="com.android.billingclient.api.ProxyBillingActivity"
137-->[com.android.billingclient:billing:5.0.0] AndroidManifest.xml:18:13-78
138            android:configChanges="keyboard|keyboardHidden|screenLayout|screenSize|orientation"
138-->[com.android.billingclient:billing:5.0.0] AndroidManifest.xml:19:13-96
139            android:exported="false"
139-->[com.android.billingclient:billing:5.0.0] AndroidManifest.xml:20:13-37
140            android:theme="@android:style/Theme.Translucent.NoTitleBar" />
140-->[com.android.billingclient:billing:5.0.0] AndroidManifest.xml:21:13-72
141        <activity
141-->[com.google.android.gms:play-services-base:18.1.0] AndroidManifest.xml:20:9-22:45
142            android:name="com.google.android.gms.common.api.GoogleApiActivity"
142-->[com.google.android.gms:play-services-base:18.1.0] AndroidManifest.xml:20:19-85
143            android:exported="false"
143-->[com.google.android.gms:play-services-base:18.1.0] AndroidManifest.xml:22:19-43
144            android:theme="@android:style/Theme.Translucent.NoTitleBar" /> <!-- Include the AdActivity and InAppPurchaseActivity configChanges and themes. -->
144-->[com.google.android.gms:play-services-base:18.1.0] AndroidManifest.xml:21:19-78
145        <activity
145-->[com.google.android.gms:play-services-ads-lite:21.1.0] AndroidManifest.xml:49:9-53:64
146            android:name="com.google.android.gms.ads.AdActivity"
146-->[com.google.android.gms:play-services-ads-lite:21.1.0] AndroidManifest.xml:50:13-65
147            android:configChanges="keyboard|keyboardHidden|orientation|screenLayout|uiMode|screenSize|smallestScreenSize"
147-->[com.google.android.gms:play-services-ads-lite:21.1.0] AndroidManifest.xml:51:13-122
148            android:exported="false"
148-->[com.google.android.gms:play-services-ads-lite:21.1.0] AndroidManifest.xml:52:13-37
149            android:theme="@android:style/Theme.Translucent" />
149-->[com.google.android.gms:play-services-ads-lite:21.1.0] AndroidManifest.xml:53:13-61
150
151        <provider
151-->[com.google.android.gms:play-services-ads-lite:21.1.0] AndroidManifest.xml:55:9-59:39
152            android:name="com.google.android.gms.ads.MobileAdsInitProvider"
152-->[com.google.android.gms:play-services-ads-lite:21.1.0] AndroidManifest.xml:56:13-76
153            android:authorities="com.pleiades.pleione.kittencare.mobileadsinitprovider"
153-->[com.google.android.gms:play-services-ads-lite:21.1.0] AndroidManifest.xml:57:13-73
154            android:exported="false"
154-->[com.google.android.gms:play-services-ads-lite:21.1.0] AndroidManifest.xml:58:13-37
155            android:initOrder="100" />
155-->[com.google.android.gms:play-services-ads-lite:21.1.0] AndroidManifest.xml:59:13-36
156
157        <service
157-->[com.google.android.gms:play-services-ads-lite:21.1.0] AndroidManifest.xml:61:9-64:40
158            android:name="com.google.android.gms.ads.AdService"
158-->[com.google.android.gms:play-services-ads-lite:21.1.0] AndroidManifest.xml:62:13-64
159            android:enabled="true"
159-->[com.google.android.gms:play-services-ads-lite:21.1.0] AndroidManifest.xml:63:13-35
160            android:exported="false" />
160-->[com.google.android.gms:play-services-ads-lite:21.1.0] AndroidManifest.xml:64:13-37
161
162        <meta-data
162-->[com.google.android.gms:play-services-basement:18.1.0] AndroidManifest.xml:21:9-23:69
163            android:name="com.google.android.gms.version"
163-->[com.google.android.gms:play-services-basement:18.1.0] AndroidManifest.xml:22:13-58
164            android:value="@integer/google_play_services_version" />
164-->[com.google.android.gms:play-services-basement:18.1.0] AndroidManifest.xml:23:13-66
165
166        <provider
166-->[androidx.emoji2:emoji2:1.2.0] AndroidManifest.xml:24:9-32:20
167            android:name="androidx.startup.InitializationProvider"
167-->[androidx.emoji2:emoji2:1.2.0] AndroidManifest.xml:25:13-67
168            android:authorities="com.pleiades.pleione.kittencare.androidx-startup"
168-->[androidx.emoji2:emoji2:1.2.0] AndroidManifest.xml:26:13-68
169            android:exported="false" >
169-->[androidx.emoji2:emoji2:1.2.0] AndroidManifest.xml:27:13-37
170            <meta-data
170-->[androidx.emoji2:emoji2:1.2.0] AndroidManifest.xml:29:13-31:52
171                android:name="androidx.emoji2.text.EmojiCompatInitializer"
171-->[androidx.emoji2:emoji2:1.2.0] AndroidManifest.xml:30:17-75
172                android:value="androidx.startup" />
172-->[androidx.emoji2:emoji2:1.2.0] AndroidManifest.xml:31:17-49
173            <meta-data
173-->[androidx.work:work-runtime:2.7.0] AndroidManifest.xml:36:13-38:52
174                android:name="androidx.work.WorkManagerInitializer"
174-->[androidx.work:work-runtime:2.7.0] AndroidManifest.xml:37:17-68
175                android:value="androidx.startup" />
175-->[androidx.work:work-runtime:2.7.0] AndroidManifest.xml:38:17-49
176            <meta-data
176-->[androidx.lifecycle:lifecycle-process:2.4.1] AndroidManifest.xml:31:13-33:52
177                android:name="androidx.lifecycle.ProcessLifecycleInitializer"
177-->[androidx.lifecycle:lifecycle-process:2.4.1] AndroidManifest.xml:32:17-78
178                android:value="androidx.startup" />
178-->[androidx.lifecycle:lifecycle-process:2.4.1] AndroidManifest.xml:33:17-49
179        </provider>
180
181        <uses-library
181-->[androidx.window:window:1.0.0] AndroidManifest.xml:25:9-27:40
182            android:name="androidx.window.extensions"
182-->[androidx.window:window:1.0.0] AndroidManifest.xml:26:13-54
183            android:required="false" />
183-->[androidx.window:window:1.0.0] AndroidManifest.xml:27:13-37
184        <uses-library
184-->[androidx.window:window:1.0.0] AndroidManifest.xml:28:9-30:40
185            android:name="androidx.window.sidecar"
185-->[androidx.window:window:1.0.0] AndroidManifest.xml:29:13-51
186            android:required="false" />
186-->[androidx.window:window:1.0.0] AndroidManifest.xml:30:13-37
187
188        <service
188-->[androidx.work:work-runtime:2.7.0] AndroidManifest.xml:41:9-46:35
189            android:name="androidx.work.impl.background.systemalarm.SystemAlarmService"
189-->[androidx.work:work-runtime:2.7.0] AndroidManifest.xml:42:13-88
190            android:directBootAware="false"
190-->[androidx.work:work-runtime:2.7.0] AndroidManifest.xml:43:13-44
191            android:enabled="@bool/enable_system_alarm_service_default"
191-->[androidx.work:work-runtime:2.7.0] AndroidManifest.xml:44:13-72
192            android:exported="false" />
192-->[androidx.work:work-runtime:2.7.0] AndroidManifest.xml:45:13-37
193        <service
193-->[androidx.work:work-runtime:2.7.0] AndroidManifest.xml:47:9-53:35
194            android:name="androidx.work.impl.background.systemjob.SystemJobService"
194-->[androidx.work:work-runtime:2.7.0] AndroidManifest.xml:48:13-84
195            android:directBootAware="false"
195-->[androidx.work:work-runtime:2.7.0] AndroidManifest.xml:49:13-44
196            android:enabled="@bool/enable_system_job_service_default"
196-->[androidx.work:work-runtime:2.7.0] AndroidManifest.xml:50:13-70
197            android:exported="true"
197-->[androidx.work:work-runtime:2.7.0] AndroidManifest.xml:51:13-36
198            android:permission="android.permission.BIND_JOB_SERVICE" />
198-->[androidx.work:work-runtime:2.7.0] AndroidManifest.xml:52:13-69
199        <service
199-->[androidx.work:work-runtime:2.7.0] AndroidManifest.xml:54:9-59:35
200            android:name="androidx.work.impl.foreground.SystemForegroundService"
200-->[androidx.work:work-runtime:2.7.0] AndroidManifest.xml:55:13-81
201            android:directBootAware="false"
201-->[androidx.work:work-runtime:2.7.0] AndroidManifest.xml:56:13-44
202            android:enabled="@bool/enable_system_foreground_service_default"
202-->[androidx.work:work-runtime:2.7.0] AndroidManifest.xml:57:13-77
203            android:exported="false" />
203-->[androidx.work:work-runtime:2.7.0] AndroidManifest.xml:58:13-37
204
205        <receiver
205-->[androidx.work:work-runtime:2.7.0] AndroidManifest.xml:61:9-66:35
206            android:name="androidx.work.impl.utils.ForceStopRunnable$BroadcastReceiver"
206-->[androidx.work:work-runtime:2.7.0] AndroidManifest.xml:62:13-88
207            android:directBootAware="false"
207-->[androidx.work:work-runtime:2.7.0] AndroidManifest.xml:63:13-44
208            android:enabled="true"
208-->[androidx.work:work-runtime:2.7.0] AndroidManifest.xml:64:13-35
209            android:exported="false" />
209-->[androidx.work:work-runtime:2.7.0] AndroidManifest.xml:65:13-37
210        <receiver
210-->[androidx.work:work-runtime:2.7.0] AndroidManifest.xml:67:9-77:20
211            android:name="androidx.work.impl.background.systemalarm.ConstraintProxy$BatteryChargingProxy"
211-->[androidx.work:work-runtime:2.7.0] AndroidManifest.xml:68:13-106
212            android:directBootAware="false"
212-->[androidx.work:work-runtime:2.7.0] AndroidManifest.xml:69:13-44
213            android:enabled="false"
213-->[androidx.work:work-runtime:2.7.0] AndroidManifest.xml:70:13-36
214            android:exported="false" >
214-->[androidx.work:work-runtime:2.7.0] AndroidManifest.xml:71:13-37
215            <intent-filter>
215-->[androidx.work:work-runtime:2.7.0] AndroidManifest.xml:73:13-76:29
216                <action android:name="android.intent.action.ACTION_POWER_CONNECTED" />
216-->[androidx.work:work-runtime:2.7.0] AndroidManifest.xml:74:17-87
216-->[androidx.work:work-runtime:2.7.0] AndroidManifest.xml:74:25-84
217                <action android:name="android.intent.action.ACTION_POWER_DISCONNECTED" />
217-->[androidx.work:work-runtime:2.7.0] AndroidManifest.xml:75:17-90
217-->[androidx.work:work-runtime:2.7.0] AndroidManifest.xml:75:25-87
218            </intent-filter>
219        </receiver>
220        <receiver
220-->[androidx.work:work-runtime:2.7.0] AndroidManifest.xml:78:9-88:20
221            android:name="androidx.work.impl.background.systemalarm.ConstraintProxy$BatteryNotLowProxy"
221-->[androidx.work:work-runtime:2.7.0] AndroidManifest.xml:79:13-104
222            android:directBootAware="false"
222-->[androidx.work:work-runtime:2.7.0] AndroidManifest.xml:80:13-44
223            android:enabled="false"
223-->[androidx.work:work-runtime:2.7.0] AndroidManifest.xml:81:13-36
224            android:exported="false" >
224-->[androidx.work:work-runtime:2.7.0] AndroidManifest.xml:82:13-37
225            <intent-filter>
225-->[androidx.work:work-runtime:2.7.0] AndroidManifest.xml:84:13-87:29
226                <action android:name="android.intent.action.BATTERY_OKAY" />
226-->[androidx.work:work-runtime:2.7.0] AndroidManifest.xml:85:17-77
226-->[androidx.work:work-runtime:2.7.0] AndroidManifest.xml:85:25-74
227                <action android:name="android.intent.action.BATTERY_LOW" />
227-->[androidx.work:work-runtime:2.7.0] AndroidManifest.xml:86:17-76
227-->[androidx.work:work-runtime:2.7.0] AndroidManifest.xml:86:25-73
228            </intent-filter>
229        </receiver>
230        <receiver
230-->[androidx.work:work-runtime:2.7.0] AndroidManifest.xml:89:9-99:20
231            android:name="androidx.work.impl.background.systemalarm.ConstraintProxy$StorageNotLowProxy"
231-->[androidx.work:work-runtime:2.7.0] AndroidManifest.xml:90:13-104
232            android:directBootAware="false"
232-->[androidx.work:work-runtime:2.7.0] AndroidManifest.xml:91:13-44
233            android:enabled="false"
233-->[androidx.work:work-runtime:2.7.0] AndroidManifest.xml:92:13-36
234            android:exported="false" >
234-->[androidx.work:work-runtime:2.7.0] AndroidManifest.xml:93:13-37
235            <intent-filter>
235-->[androidx.work:work-runtime:2.7.0] AndroidManifest.xml:95:13-98:29
236                <action android:name="android.intent.action.DEVICE_STORAGE_LOW" />
236-->[androidx.work:work-runtime:2.7.0] AndroidManifest.xml:96:17-83
236-->[androidx.work:work-runtime:2.7.0] AndroidManifest.xml:96:25-80
237                <action android:name="android.intent.action.DEVICE_STORAGE_OK" />
237-->[androidx.work:work-runtime:2.7.0] AndroidManifest.xml:97:17-82
237-->[androidx.work:work-runtime:2.7.0] AndroidManifest.xml:97:25-79
238            </intent-filter>
239        </receiver>
240        <receiver
240-->[androidx.work:work-runtime:2.7.0] AndroidManifest.xml:100:9-109:20
241            android:name="androidx.work.impl.background.systemalarm.ConstraintProxy$NetworkStateProxy"
241-->[androidx.work:work-runtime:2.7.0] AndroidManifest.xml:101:13-103
242            android:directBootAware="false"
242-->[androidx.work:work-runtime:2.7.0] AndroidManifest.xml:102:13-44
243            android:enabled="false"
243-->[androidx.work:work-runtime:2.7.0] AndroidManifest.xml:103:13-36
244            android:exported="false" >
244-->[androidx.work:work-runtime:2.7.0] AndroidManifest.xml:104:13-37
245            <intent-filter>
245-->[androidx.work:work-runtime:2.7.0] AndroidManifest.xml:106:13-108:29
246                <action android:name="android.net.conn.CONNECTIVITY_CHANGE" />
246-->[androidx.work:work-runtime:2.7.0] AndroidManifest.xml:107:17-79
246-->[androidx.work:work-runtime:2.7.0] AndroidManifest.xml:107:25-76
247            </intent-filter>
248        </receiver>
249        <receiver
249-->[androidx.work:work-runtime:2.7.0] AndroidManifest.xml:110:9-121:20
250            android:name="androidx.work.impl.background.systemalarm.RescheduleReceiver"
250-->[androidx.work:work-runtime:2.7.0] AndroidManifest.xml:111:13-88
251            android:directBootAware="false"
251-->[androidx.work:work-runtime:2.7.0] AndroidManifest.xml:112:13-44
252            android:enabled="false"
252-->[androidx.work:work-runtime:2.7.0] AndroidManifest.xml:113:13-36
253            android:exported="false" >
253-->[androidx.work:work-runtime:2.7.0] AndroidManifest.xml:114:13-37
254            <intent-filter>
254-->[androidx.work:work-runtime:2.7.0] AndroidManifest.xml:116:13-120:29
255                <action android:name="android.intent.action.BOOT_COMPLETED" />
255-->[androidx.work:work-runtime:2.7.0] AndroidManifest.xml:117:17-79
255-->[androidx.work:work-runtime:2.7.0] AndroidManifest.xml:117:25-76
256                <action android:name="android.intent.action.TIME_SET" />
256-->[androidx.work:work-runtime:2.7.0] AndroidManifest.xml:118:17-73
256-->[androidx.work:work-runtime:2.7.0] AndroidManifest.xml:118:25-70
257                <action android:name="android.intent.action.TIMEZONE_CHANGED" />
257-->[androidx.work:work-runtime:2.7.0] AndroidManifest.xml:119:17-81
257-->[androidx.work:work-runtime:2.7.0] AndroidManifest.xml:119:25-78
258            </intent-filter>
259        </receiver>
260        <receiver
260-->[androidx.work:work-runtime:2.7.0] AndroidManifest.xml:122:9-131:20
261            android:name="androidx.work.impl.background.systemalarm.ConstraintProxyUpdateReceiver"
261-->[androidx.work:work-runtime:2.7.0] AndroidManifest.xml:123:13-99
262            android:directBootAware="false"
262-->[androidx.work:work-runtime:2.7.0] AndroidManifest.xml:124:13-44
263            android:enabled="@bool/enable_system_alarm_service_default"
263-->[androidx.work:work-runtime:2.7.0] AndroidManifest.xml:125:13-72
264            android:exported="false" >
264-->[androidx.work:work-runtime:2.7.0] AndroidManifest.xml:126:13-37
265            <intent-filter>
265-->[androidx.work:work-runtime:2.7.0] AndroidManifest.xml:128:13-130:29
266                <action android:name="androidx.work.impl.background.systemalarm.UpdateProxies" />
266-->[androidx.work:work-runtime:2.7.0] AndroidManifest.xml:129:17-98
266-->[androidx.work:work-runtime:2.7.0] AndroidManifest.xml:129:25-95
267            </intent-filter>
268        </receiver>
269        <receiver
269-->[androidx.work:work-runtime:2.7.0] AndroidManifest.xml:132:9-142:20
270            android:name="androidx.work.impl.diagnostics.DiagnosticsReceiver"
270-->[androidx.work:work-runtime:2.7.0] AndroidManifest.xml:133:13-78
271            android:directBootAware="false"
271-->[androidx.work:work-runtime:2.7.0] AndroidManifest.xml:134:13-44
272            android:enabled="true"
272-->[androidx.work:work-runtime:2.7.0] AndroidManifest.xml:135:13-35
273            android:exported="true"
273-->[androidx.work:work-runtime:2.7.0] AndroidManifest.xml:136:13-36
274            android:permission="android.permission.DUMP" >
274-->[androidx.work:work-runtime:2.7.0] AndroidManifest.xml:137:13-57
275            <intent-filter>
275-->[androidx.work:work-runtime:2.7.0] AndroidManifest.xml:139:13-141:29
276                <action android:name="androidx.work.diagnostics.REQUEST_DIAGNOSTICS" />
276-->[androidx.work:work-runtime:2.7.0] AndroidManifest.xml:140:17-88
276-->[androidx.work:work-runtime:2.7.0] AndroidManifest.xml:140:25-85
277            </intent-filter>
278        </receiver>
279
280        <service
280-->[androidx.room:room-runtime:2.2.5] AndroidManifest.xml:25:9-28:40
281            android:name="androidx.room.MultiInstanceInvalidationService"
281-->[androidx.room:room-runtime:2.2.5] AndroidManifest.xml:26:13-74
282            android:directBootAware="true"
282-->[androidx.room:room-runtime:2.2.5] AndroidManifest.xml:27:13-43
283            android:exported="false" />
283-->[androidx.room:room-runtime:2.2.5] AndroidManifest.xml:28:13-37
284    </application>
285
286</manifest>